2013-11-22 16:00:03,590 DEBUG [pool-3-thread-4] (RequestAddCookies.java:122) - CookieSpec selected: best-match
2013-11-22 16:00:03,606 DEBUG [pool-3-thread-4] (RequestAuthCache.java:75) - Auth cache not set in the context
2013-11-22 16:00:03,606 DEBUG [pool-3-thread-4] (PoolingHttpClientConnectionManager.java:215) - Connection request: [route: {}->http://localhost:8223][total kept alive: 0; route allocated: 0 of 2; total allocated: 0 of 20]
2013-11-22 16:00:03,622 DEBUG [pool-3-thread-4] (PoolingHttpClientConnectionManager.java:246) - Connection leased: [id: 0][route: {}->http://localhost:8223][total kept alive: 0; route allocated: 1 of 2; total allocated: 1 of 20]
2013-11-22 16:00:03,637 DEBUG [pool-3-thread-4] (MainClientExec.java:216) - Opening connection {}->http://localhost:8223
2013-11-22 16:00:03,637 DEBUG [pool-3-thread-4] (HttpClientConnectionOperator.java:114) - Connecting to localhost/127.0.0.1:8223
2013-11-22 16:00:03,637 DEBUG [pool-3-thread-4] (MainClientExec.java:237) - Executing request POST / HTTP/1.1
2013-11-22 16:00:03,637 DEBUG [pool-3-thread-4] (MainClientExec.java:242) - Target auth state: UNCHALLENGED
2013-11-22 16:00:03,637 DEBUG [pool-3-thread-4] (MainClientExec.java:248) - Proxy auth state: UNCHALLENGED
2013-11-22 16:00:03,637 DEBUG [pool-3-thread-4] (LoggingManagedHttpClientConnection.java:124) - http-outgoing-0 >> POST / HTTP/1.1
2013-11-22 16:00:03,653 DEBUG [pool-3-thread-4] (LoggingManagedHttpClientConnection.java:127) - http-outgoing-0 >> Transfer-Encoding: chunked
2013-11-22 16:00:03,653 DEBUG [pool-3-thread-4] (LoggingManagedHttpClientConnection.java:127) - http-outgoing-0 >> Content-Type: application/xml; charset=ISO-8859-1
2013-11-22 16:00:03,653 DEBUG [pool-3-thread-4] (LoggingManagedHttpClientConnection.java:127) - http-outgoing-0 >> Host: localhost:8223
2013-11-22 16:00:03,653 DEBUG [pool-3-thread-4] (LoggingManagedHttpClientConnection.java:127) - http-outgoing-0 >> Connection: Keep-Alive
2013-11-22 16:00:03,653 DEBUG [pool-3-thread-4] (LoggingManagedHttpClientConnection.java:127) - http-outgoing-0 >> User-Agent: Apache-HttpClient/4.3.1 (java 1.5)
2013-11-22 16:00:03,653 DEBUG [pool-3-thread-4] (LoggingManagedHttpClientConnection.java:127) - http-outgoing-0 >> Accept-Encoding: gzip,deflate
2013-11-22 16:00:03,653 DEBUG [pool-3-thread-4] (Wire.java:72) - http-outgoing-0 >> "POST / HTTP/1.1[\r][\n]"
2013-11-22 16:00:03,653 DEBUG [pool-3-thread-4] (Wire.java:72) - http-outgoing-0 >> "Transfer-Encoding: chunked[\r][\n]"
2013-11-22 16:00:03,653 DEBUG [pool-3-thread-4] (Wire.java:72) - http-outgoing-0 >> "Content-Type: application/xml; charset=ISO-8859-1[\r][\n]"
2013-11-22 16:00:03,653 DEBUG [pool-3-thread-4] (Wire.java:72) - http-outgoing-0 >> "Host: localhost:8223[\r][\n]"
2013-11-22 16:00:03,653 DEBUG [pool-3-thread-4] (Wire.java:72) - http-outgoing-0 >> "Connection: Keep-Alive[\r][\n]"
2013-11-22 16:00:03,653 DEBUG [pool-3-thread-4] (Wire.java:72) - http-outgoing-0 >> "User-Agent: Apache-HttpClient/4.3.1 (java 1.5)[\r][\n]"
2013-11-22 16:00:03,653 DEBUG [pool-3-thread-4] (Wire.java:72) - http-outgoing-0 >> "Accept-Encoding: gzip,deflate[\r][\n]"
2013-11-22 16:00:03,653 DEBUG [pool-3-thread-4] (Wire.java:72) - http-outgoing-0 >> "[\r][\n]"
2013-11-22 16:00:03,653 DEBUG [pool-3-thread-4] (Wire.java:72) - http-outgoing-0 >> "10a[\r][\n]"
2013-11-22 16:00:03,653 DEBUG [pool-3-thread-4] (Wire.java:72) - http-outgoing-0 >> "<madamira_input xmlns="urn:edu.columbia.ccls.madamira.configuration:0.1"><in_doc id="ExampleDocument"><in_seg id="SENT1">[0xd8][0xa7][0xd9][0x84][0xd8][0xb3][0xd9][0x84][0xd8][0xb7][0xd8][0xa9] [0xd8][0xa7][0xd9][0x84][0xd9][0x81][0xd9][0x84][0xd8][0xb3][0xd8][0xb7][0xd9][0x8a][0xd9][0x86][0xd9][0x8a][0xd8][0xa9] [0xd8][0xaa][0xd8][0xb3][0xd8][0xaa][0xd9][0x86][0xd9][0x83][0xd8][0xb1] [0xd8][0xa7][0xd8][0xb3][0xd8][0xaa][0xd9][0x85][0xd8][0xb1][0xd8][0xa7][0xd8][0xb1] [0xd8][0xb3][0xd9][0x8a][0xd8][0xa7][0xd8][0xb3][0xd8][0xa9] [0xd8][0xa7][0xd9][0x84][0xd8][0xa7][0xd8][0xba][0xd8][0xaa][0xd9][0x8a][0xd8][0xa7][0xd9][0x84][0xd8][0xa7][0xd8][0xaa] [0xd8][0xa7][0xd9][0x84][0xd8][0xa7][0xd8][0xb3][0xd8][0xb1][0xd8][0xa7][0xd8][0xa6][0xd9][0x8a]</in_seg></in_doc></madamira_input>[\r][\n]"
2013-11-22 16:00:03,653 DEBUG [pool-3-thread-4] (Wire.java:72) - http-outgoing-0 >> "0[\r][\n]"
2013-11-22 16:00:03,653 DEBUG [pool-3-thread-4] (Wire.java:72) - http-outgoing-0 >> "[\r][\n]"
2013-11-22 16:00:03,653 DEBUG [pool-3-thread-4] (Wire.java:72) - http-outgoing-0 << "HTTP/1.1 200 OK[\r][\n]"
2013-11-22 16:00:03,653 DEBUG [pool-3-thread-4] (Wire.java:72) - http-outgoing-0 << "Transfer-encoding: chunked[\r][\n]"
2013-11-22 16:00:03,653 DEBUG [pool-3-thread-4] (Wire.java:72) - http-outgoing-0 << "Content-type: text/plain[\r][\n]"
2013-11-22 16:00:03,653 DEBUG [pool-3-thread-4] (Wire.java:72) - http-outgoing-0 << "Date: Fri, 22 Nov 2013 13:00:03 GMT[\r][\n]"
2013-11-22 16:00:03,653 DEBUG [pool-3-thread-4] (Wire.java:72) - http-outgoing-0 << "[\r][\n]"
2013-11-22 16:00:03,653 DEBUG [pool-3-thread-4] (LoggingManagedHttpClientConnection.java:113) - http-outgoing-0 << HTTP/1.1 200 OK
2013-11-22 16:00:03,653 DEBUG [pool-3-thread-4] (LoggingManagedHttpClientConnection.java:116) - http-outgoing-0 << Transfer-encoding: chunked
2013-11-22 16:00:03,653 DEBUG [pool-3-thread-4] (LoggingManagedHttpClientConnection.java:116) - http-outgoing-0 << Content-type: text/plain
2013-11-22 16:00:03,653 DEBUG [pool-3-thread-4] (LoggingManagedHttpClientConnection.java:116) - http-outgoing-0 << Date: Fri, 22 Nov 2013 13:00:03 GMT
2013-11-22 16:00:03,668 DEBUG [pool-3-thread-4] (MainClientExec.java:266) - Connection can be kept alive indefinitely
2013-11-22 16:00:03,684 DEBUG [pool-3-thread-4] (Wire.java:72) - http-outgoing-0 << "d00[\r][\n]"
2013-11-22 16:00:03,684 DEBUG [pool-3-thread-4] (Wire.java:72) - http-outgoing-0 << "<?xml version="1.0" encoding="UTF-8" standalone="yes"?>[\n]"
2013-11-22 16:00:03,684 DEBUG [pool-3-thread-4] (Wire.java:72) - http-outgoing-0 << "<madamira_output xmlns="urn:edu.columbia.ccls.madamira.configuration:0.1">[\n]"
2013-11-22 16:00:03,684 DEBUG [pool-3-thread-4] (Wire.java:72) - http-outgoing-0 << "    <out_doc id="ExampleDocument">[\n]"
2013-11-22 16:00:03,684 DEBUG [pool-3-thread-4] (Wire.java:72) - http-outgoing-0 << "        <out_seg id="SENT1">[\n]"
2013-11-22 16:00:03,684 DEBUG [pool-3-thread-4] (Wire.java:72) - http-outgoing-0 << "            <segment_info/>[\n]"
2013-11-22 16:00:03,684 DEBUG [pool-3-thread-4] (Wire.java:72) - http-outgoing-0 << "            <word_info>[\n]"
2013-11-22 16:00:03,684 DEBUG [pool-3-thread-4] (Wire.java:72) - http-outgoing-0 << "                <word id="0" word="[0xd8][0xa7][0xd9][0x84][0xd8][0xb3][0xd9][0x84][0xd8][0xb7][0xd8][0xa9]">[\n]"
2013-11-22 16:00:03,684 DEBUG [pool-3-thread-4] (Wire.java:72) - http-outgoing-0 << "                    <analysis rank="0" score="0.9547473631510263">[\n]"
2013-11-22 16:00:03,684 DEBUG [pool-3-thread-4] (Wire.java:72) - http-outgoing-0 << "                        <morph_feature_set lemma="[0xd8][0xb3][0xd9][0x8f][0xd9][0x84][0xd9][0x92][0xd8][0xb7][0xd9][0x8e][0xd8][0xa9]_1" bw="Al/DET+suloT/NOUN+ap/NSUFF_FEM_SG+u/CASE_DEF_NOM" pos="noun" prc3="0" prc2="0" prc1="0" prc0="Al_det" per="na" asp="na" vox="na" mod="na" gen="f" num="s" stt="d" cas="n" enc0="0"/>[\n]"
2013-11-22 16:00:03,684 DEBUG [pool-3-thread-4] (Wire.java:72) - http-outgoing-0 << "                    </analysis>[\n]"
2013-11-22 16:00:03,684 DEBUG [pool-3-thread-4] (Wire.java:72) - http-outgoing-0 << "                </word>[\n]"
2013-11-22 16:00:03,684 DEBUG [pool-3-thread-4] (Wire.java:72) - http-outgoing-0 << "                <word id="1" word="[0xd8][0xa7][0xd9][0x84][0xd9][0x81][0xd9][0x84][0xd8][0xb3][0xd8][0xb7][0xd9][0x8a][0xd9][0x86][0xd9][0x8a][0xd8][0xa9]">[\n]"
2013-11-22 16:00:03,684 DEBUG [pool-3-thread-4] (Wire.java:72) - http-outgoing-0 << "                    <analysis rank="0" score="0.9547456572370278">[\n]"
2013-11-22 16:00:03,684 DEBUG [pool-3-thread-4] (Wire.java:72) - http-outgoing-0 << "                        <morph_feature_set lemma="[0xd9][0x81][0xd9][0x90][0xd9][0x84][0xd9][0x8e][0xd8][0xb3][0xd9][0x92][0xd8][0xb7][0xd9][0x90][0xd9][0x8a][0xd9][0x86][0xd9][0x90][0xd9][0x8a][0xd9][0x91]_1" bw="Al/DET+filasoTiyniy~/ADJ+ap/NSUFF_FEM_SG+u/CASE_DEF_NOM" pos="adj" prc3="0" prc2="0" prc1="0" prc0="Al_det" per="na" asp="na" vox="na" mod="na" gen="f" num="s" stt="d" cas="n" enc0="0"/>[\n]"
2013-11-22 16:00:03,684 DEBUG [pool-3-thread-4] (Wire.java:72) - http-outgoing-0 << "                    </analysis>[\n]"
2013-11-22 16:00:03,684 DEBUG [pool-3-thread-4] (Wire.java:72) - http-outgoing-0 << "                </word>[\n]"
2013-11-22 16:00:03,684 DEBUG [pool-3-thread-4] (Wire.java:72) - http-outgoing-0 << "                <word id="2" word="[0xd8][0xaa][0xd8][0xb3][0xd8][0xaa][0xd9][0x86][0xd9][0x83][0xd8][0xb1]">[\n]"
2013-11-22 16:00:03,684 DEBUG [pool-3-thread-4] (Wire.java:72) - http-outgoing-0 << "                    <analysis rank="0" score="0.9141148999514064">[\n]"
2013-11-22 16:00:03,684 DEBUG [pool-3-thread-4] (Wire.java:72) - http-outgoing-0 << "                        <morph_feature_set lemma="[0xd9][0xb1][0xd9][0x90][0xd8][0xb3][0xd9][0x92][0xd8][0xaa][0xd9][0x8e][0xd9][0x86][0xd9][0x92][0xd9][0x83][0xd9][0x8e][0xd8][0xb1]_1" bw="ta/IV3FS+sotanokir/IV+u/IVSUFF_MOOD:I" pos="verb" prc3="0" prc2="0" prc1="0" prc0="0" per="3" asp="i" vox="a" mod="i" gen="f" num="s" stt="na" cas="na" enc0="0"/>[\n]"
2013-11-22 16:00:03,684 DEBUG [pool-3-thread-4] (Wire.java:72) - http-outgoing-0 << "                    </analysis>[\n]"
2013-11-22 16:00:03,684 DEBUG [pool-3-thread-4] (Wire.java:72) - http-outgoing-0 << "                </word>[\n]"
2013-11-22 16:00:03,684 DEBUG [pool-3-thread-4] (Wire.java:72) - http-outgoing-0 << "                <word id="3" word="[0xd8][0xa7][0xd8][0xb3][0xd8][0xaa][0xd9][0x85][0xd8][0xb1][0xd8][0xa7][0xd8][0xb1]">[\n]"
2013-11-22 16:00:03,684 DEBUG [pool-3-thread-4] (Wire.java:72) - http-outgoing-0 << "                    <analysis rank="0" score="0.9557471879041308">[\n]"
2013-11-22 16:00:03,684 DEBUG [pool-3-thread-4] (Wire.java:72) - http-outgoing-0 << "                        <morph_feature_set lemma="[0xd9][0xb1][0xd9][0x90][0xd8][0xb3][0xd9][0x92][0xd8][0xaa][0xd9][0x90][0xd9][0x85][0xd9][0x92][0xd8][0xb1][0xd8][0xa7][0xd8][0xb1]_1" bw="{isotimorAr/NOUN+a/CASE_DEF_ACC" pos="noun" prc3="0" prc2="0" prc1="0" prc0="0" per="na" asp="na" vox="na" mod="na" gen="m" num="s" stt="c" cas="a" enc0="0"/>[\n]"
2013-11-22 16:00:03,684 DEBUG [pool-3-thread-4] (Wire.java:72) - http-outgoing-0 << "                    </analysis>[\n]"
2013-11-22 16:00:03,684 DEBUG [pool-3-thread-4] (Wire.java:72) - http-outgoing-0 << "                </word>[\n]"
2013-11-22 16:00:03,684 DEBUG [pool-3-thread-4] (Wire.java:72) - http-outgoing-0 << "                <word id="4" word="[0xd8][0xb3][0xd9][0x8a][0xd8][0xa7][0xd8][0xb3][0xd8][0xa9]">[\n]"
2013-11-22 16:00:03,684 DEBUG [pool-3-thread-4] (Wire.java:72) - http-outgoing-0 << "                    <analysis rank="0" score="0.9602866224233163">[\n]"
2013-11-22 16:00:03,684 DEBUG [pool-3-thread-4] (Wire.java:72) - http-outgoing-0 << "                        <morph_feature_set lemma="[0xd8][0xb3][0xd9][0x90][0xd9][0x8a][0xd8][0xa7][0xd8][0xb3][0xd9][0x8e][0xd8][0xa9]_1" bw="siyAs/NOUN+ap/NSUFF_FEM_SG+i/CASE_DEF_GEN" pos="noun" prc3="0" prc2="0" prc1="0" prc0="0" per="na" asp="na" vox="na" mod="na" gen="f" num="s" stt="c" cas="g" enc0="0"/>[\n]"
2013-11-22 16:00:03,684 DEBUG [pool-3-thread-4] (Wire.java:72) - http-outgoing-0 << "                    </analysis>[\n]"
2013-11-22 16:00:03,684 DEBUG [pool-3-thread-4] (Wire.java:72) - http-outgoing-0 << "                </word>[\n]"
2013-11-22 16:00:03,684 DEBUG [pool-3-thread-4] (Wire.java:72) - http-outgoing-0 << "                <word id="5" word="[0xd8][0xa7][0xd9][0x84][0xd8][0xa7][0xd8][0xba][0xd8][0xaa][0xd9][0x8a][0xd8][0xa7][0xd9][0x84][0xd8][0xa7][0xd8][0xaa]">[\n]"
2013-11-22 16:00:03,684 DEBUG [pool-3-thread-4] (Wire.java:72) - http-outgoing-0 << "                    <analysis rank="0" score="0.9601018541668881">[\n]"
2013-11-22 16:00:03,684 DEBUG [pool-3-thread-4] (Wire.java:72) - http-outgoing-0 << "                        <morph_feature_set lemma="[0xd9][0xb1][0xd9][0x90][0xd8][0xba][0xd9][0x92][0xd8][0xaa][0xd9][0x90][0xd9][0x8a][0xd8][0xa7][0xd9][0x84]_1" bw="Al/DET+{igotiyAl/NOUN+At/NSUFF_FEM_PL+i/CASE_DEF_GEN" pos="noun" prc3="0" prc2="0" prc1="0" prc0="Al_det" per="na" asp="na" vox="na" mod="na" gen="f" num="p" stt="d" cas="g" enc0="0"/>[\n]"
2013-11-22 16:00:03,684 DEBUG [pool-3-thread-4] (Wire.java:72) - http-outgoing-0 << "                    </analysis>[\n]"
2013-11-22 16:00:03,700 DEBUG [pool-3-thread-4] (Wire.java:72) - http-outgoing-0 << "                </word>[\n]"
2013-11-22 16:00:03,700 DEBUG [pool-3-thread-4] (Wire.java:72) - http-outgoing-0 << "                <word id="6" word="[0xd8][0xa7][0xd9][0x84][0xd8][0xa7][0xd8][0xb3][0xd8][0xb1][0xd8][0xa7][0xd8][0xa6][0xd9][0x8a]">[\n]"
2013-11-22 16:00:03,700 DEBUG [pool-3-thread-4] (Wire.java:72) - http-outgoing-0 << "                    <analysis rank="0" score="0.9597742652846901">[\n]"
2013-11-22 16:00:03,700 DEBUG [pool-3-thread-4] (Wire.java:72) - http-outgoing-0 << "                        <morph_feature_set lemma="[0xd8][0xa5][0xd9][0x90][0xd8][0xb3][0xd9][0x92][0xd8][0xb1][0xd8][0xa7][0xd8][0xa1]_1" bw="Al/DET+&lt;isorA}/NOUN_PROP+ayo/NSUFF_MASC_DU_GEN_POSS" pos="noun_prop" prc3="0" prc2="0" prc1="0" prc0="Al_det" per="na" asp="na" vox="na" mod="na" gen="m" num="d" stt="d" cas="g" enc0="0"/>[\n]"
2013-11-22 16:00:03,700 DEBUG [pool-3-thread-4] (Wire.java:72) - http-outgoing-0 << "                    </analysis>[\n]"
2013-11-22 16:00:03,700 DEBUG [pool-3-thread-4] (Wire.java:72) - http-outgoing-0 << "                </word>[\n]"
2013-11-22 16:00:03,700 DEBUG [pool-3-thread-4] (Wire.java:72) - http-outgoing-0 << "            </word_info>[\n]"
2013-11-22 16:00:03,700 DEBUG [pool-3-thread-4] (Wire.java:72) - http-outgoing-0 << "        </out_seg>[\n]"
2013-11-22 16:00:03,700 DEBUG [pool-3-thread-4] (Wire.java:72) - http-outgoing-0 << "    </out_doc>[\n]"
2013-11-22 16:00:03,700 DEBUG [pool-3-thread-4] (Wire.java:72) - http-outgoing-0 << "</madamira_output>[\n]"
2013-11-22 16:00:03,700 DEBUG [pool-3-thread-4] (Wire.java:72) - http-outgoing-0 << "[\r][\n]"
2013-11-22 16:00:03,700 DEBUG [pool-3-thread-4] (Wire.java:72) - http-outgoing-0 << "0[\r][\n]"
2013-11-22 16:00:03,700 DEBUG [pool-3-thread-4] (Wire.java:72) - http-outgoing-0 << "[\r][\n]"
2013-11-22 16:00:03,700 DEBUG [pool-3-thread-4] (PoolingHttpClientConnectionManager.java:276) - Connection [id: 0][route: {}->http://localhost:8223] can be kept alive indefinitely
2013-11-22 16:00:03,700 DEBUG [pool-3-thread-4] (PoolingHttpClientConnectionManager.java:282) - Connection released: [id: 0][route: {}->http://localhost:8223][total kept alive: 1; route allocated: 1 of 2; total allocated: 1 of 20]
2013-11-22 16:00:03,715 DEBUG [pool-3-thread-4] (PoolingHttpClientConnectionManager.java:345) - Connection manager is shutting down
2013-11-22 16:00:03,715 DEBUG [pool-3-thread-4] (LoggingManagedHttpClientConnection.java:79) - http-outgoing-0: Close connection
2013-11-22 16:00:03,731 DEBUG [pool-3-thread-4] (LoggingManagedHttpClientConnection.java:79) - http-outgoing-0: Close connection
2013-11-22 16:00:03,731 DEBUG [pool-3-thread-4] (PoolingHttpClientConnectionManager.java:351) - Connection manager shut down
2013-11-22 16:01:04,566 DEBUG [pool-3-thread-3] (RequestAddCookies.java:122) - CookieSpec selected: best-match
2013-11-22 16:01:04,581 DEBUG [pool-3-thread-3] (RequestAuthCache.java:75) - Auth cache not set in the context
2013-11-22 16:01:04,581 DEBUG [pool-3-thread-3] (PoolingHttpClientConnectionManager.java:215) - Connection request: [route: {}->http://localhost:8223][total kept alive: 0; route allocated: 0 of 2; total allocated: 0 of 20]
2013-11-22 16:01:04,613 DEBUG [pool-3-thread-3] (PoolingHttpClientConnectionManager.java:246) - Connection leased: [id: 0][route: {}->http://localhost:8223][total kept alive: 0; route allocated: 1 of 2; total allocated: 1 of 20]
2013-11-22 16:01:04,613 DEBUG [pool-3-thread-3] (MainClientExec.java:216) - Opening connection {}->http://localhost:8223
2013-11-22 16:01:04,613 DEBUG [pool-3-thread-3] (HttpClientConnectionOperator.java:114) - Connecting to localhost/127.0.0.1:8223
2013-11-22 16:01:04,613 DEBUG [pool-3-thread-3] (MainClientExec.java:237) - Executing request POST / HTTP/1.1
2013-11-22 16:01:04,613 DEBUG [pool-3-thread-3] (MainClientExec.java:242) - Target auth state: UNCHALLENGED
2013-11-22 16:01:04,628 DEBUG [pool-3-thread-3] (MainClientExec.java:248) - Proxy auth state: UNCHALLENGED
2013-11-22 16:01:04,628 DEBUG [pool-3-thread-3] (LoggingManagedHttpClientConnection.java:124) - http-outgoing-0 >> POST / HTTP/1.1
2013-11-22 16:01:04,628 DEBUG [pool-3-thread-3] (LoggingManagedHttpClientConnection.java:127) - http-outgoing-0 >> Transfer-Encoding: chunked
2013-11-22 16:01:04,628 DEBUG [pool-3-thread-3] (LoggingManagedHttpClientConnection.java:127) - http-outgoing-0 >> Content-Type: application/xml; charset=ISO-8859-1
2013-11-22 16:01:04,628 DEBUG [pool-3-thread-3] (LoggingManagedHttpClientConnection.java:127) - http-outgoing-0 >> Host: localhost:8223
2013-11-22 16:01:04,628 DEBUG [pool-3-thread-3] (LoggingManagedHttpClientConnection.java:127) - http-outgoing-0 >> Connection: Keep-Alive
2013-11-22 16:01:04,628 DEBUG [pool-3-thread-3] (LoggingManagedHttpClientConnection.java:127) - http-outgoing-0 >> User-Agent: Apache-HttpClient/4.3.1 (java 1.5)
2013-11-22 16:01:04,628 DEBUG [pool-3-thread-3] (LoggingManagedHttpClientConnection.java:127) - http-outgoing-0 >> Accept-Encoding: gzip,deflate
2013-11-22 16:01:04,628 DEBUG [pool-3-thread-3] (Wire.java:72) - http-outgoing-0 >> "POST / HTTP/1.1[\r][\n]"
2013-11-22 16:01:04,628 DEBUG [pool-3-thread-3] (Wire.java:72) - http-outgoing-0 >> "Transfer-Encoding: chunked[\r][\n]"
2013-11-22 16:01:04,628 DEBUG [pool-3-thread-3] (Wire.java:72) - http-outgoing-0 >> "Content-Type: application/xml; charset=ISO-8859-1[\r][\n]"
2013-11-22 16:01:04,628 DEBUG [pool-3-thread-3] (Wire.java:72) - http-outgoing-0 >> "Host: localhost:8223[\r][\n]"
2013-11-22 16:01:04,628 DEBUG [pool-3-thread-3] (Wire.java:72) - http-outgoing-0 >> "Connection: Keep-Alive[\r][\n]"
2013-11-22 16:01:04,628 DEBUG [pool-3-thread-3] (Wire.java:72) - http-outgoing-0 >> "User-Agent: Apache-HttpClient/4.3.1 (java 1.5)[\r][\n]"
2013-11-22 16:01:04,628 DEBUG [pool-3-thread-3] (Wire.java:72) - http-outgoing-0 >> "Accept-Encoding: gzip,deflate[\r][\n]"
2013-11-22 16:01:04,628 DEBUG [pool-3-thread-3] (Wire.java:72) - http-outgoing-0 >> "[\r][\n]"
2013-11-22 16:01:04,628 DEBUG [pool-3-thread-3] (Wire.java:72) - http-outgoing-0 >> "10a[\r][\n]"
2013-11-22 16:01:04,628 DEBUG [pool-3-thread-3] (Wire.java:72) - http-outgoing-0 >> "<madamira_input xmlns="urn:edu.columbia.ccls.madamira.configuration:0.1"><in_doc id="ExampleDocument"><in_seg id="SENT1">[0xd8][0xa7][0xd9][0x84][0xd8][0xb3][0xd9][0x84][0xd8][0xb7][0xd8][0xa9] [0xd8][0xa7][0xd9][0x84][0xd9][0x81][0xd9][0x84][0xd8][0xb3][0xd8][0xb7][0xd9][0x8a][0xd9][0x86][0xd9][0x8a][0xd8][0xa9] [0xd8][0xaa][0xd8][0xb3][0xd8][0xaa][0xd9][0x86][0xd9][0x83][0xd8][0xb1] [0xd8][0xa7][0xd8][0xb3][0xd8][0xaa][0xd9][0x85][0xd8][0xb1][0xd8][0xa7][0xd8][0xb1] [0xd8][0xb3][0xd9][0x8a][0xd8][0xa7][0xd8][0xb3][0xd8][0xa9] [0xd8][0xa7][0xd9][0x84][0xd8][0xa7][0xd8][0xba][0xd8][0xaa][0xd9][0x8a][0xd8][0xa7][0xd9][0x84][0xd8][0xa7][0xd8][0xaa] [0xd8][0xa7][0xd9][0x84][0xd8][0xa7][0xd8][0xb3][0xd8][0xb1][0xd8][0xa7][0xd8][0xa6][0xd9][0x8a]</in_seg></in_doc></madamira_input>[\r][\n]"
2013-11-22 16:01:04,628 DEBUG [pool-3-thread-3] (Wire.java:72) - http-outgoing-0 >> "0[\r][\n]"
2013-11-22 16:01:04,628 DEBUG [pool-3-thread-3] (Wire.java:72) - http-outgoing-0 >> "[\r][\n]"
2013-11-22 16:01:04,628 DEBUG [pool-3-thread-3] (Wire.java:72) - http-outgoing-0 << "HTTP/1.1 200 OK[\r][\n]"
2013-11-22 16:01:04,628 DEBUG [pool-3-thread-3] (Wire.java:72) - http-outgoing-0 << "Transfer-encoding: chunked[\r][\n]"
2013-11-22 16:01:04,628 DEBUG [pool-3-thread-3] (Wire.java:72) - http-outgoing-0 << "Content-type: text/plain[\r][\n]"
2013-11-22 16:01:04,628 DEBUG [pool-3-thread-3] (Wire.java:72) - http-outgoing-0 << "Date: Fri, 22 Nov 2013 13:01:04 GMT[\r][\n]"
2013-11-22 16:01:04,628 DEBUG [pool-3-thread-3] (Wire.java:72) - http-outgoing-0 << "[\r][\n]"
2013-11-22 16:01:04,628 DEBUG [pool-3-thread-3] (LoggingManagedHttpClientConnection.java:113) - http-outgoing-0 << HTTP/1.1 200 OK
2013-11-22 16:01:04,628 DEBUG [pool-3-thread-3] (LoggingManagedHttpClientConnection.java:116) - http-outgoing-0 << Transfer-encoding: chunked
2013-11-22 16:01:04,628 DEBUG [pool-3-thread-3] (LoggingManagedHttpClientConnection.java:116) - http-outgoing-0 << Content-type: text/plain
2013-11-22 16:01:04,628 DEBUG [pool-3-thread-3] (LoggingManagedHttpClientConnection.java:116) - http-outgoing-0 << Date: Fri, 22 Nov 2013 13:01:04 GMT
2013-11-22 16:01:04,644 DEBUG [pool-3-thread-3] (MainClientExec.java:266) - Connection can be kept alive indefinitely
2013-11-22 16:01:04,659 DEBUG [pool-3-thread-3] (Wire.java:72) - http-outgoing-0 << "d00[\r][\n]"
2013-11-22 16:01:04,659 DEBUG [pool-3-thread-3] (Wire.java:72) - http-outgoing-0 << "<?xml version="1.0" encoding="UTF-8" standalone="yes"?>[\n]"
2013-11-22 16:01:04,659 DEBUG [pool-3-thread-3] (Wire.java:72) - http-outgoing-0 << "<madamira_output xmlns="urn:edu.columbia.ccls.madamira.configuration:0.1">[\n]"
2013-11-22 16:01:04,659 DEBUG [pool-3-thread-3] (Wire.java:72) - http-outgoing-0 << "    <out_doc id="ExampleDocument">[\n]"
2013-11-22 16:01:04,659 DEBUG [pool-3-thread-3] (Wire.java:72) - http-outgoing-0 << "        <out_seg id="SENT1">[\n]"
2013-11-22 16:01:04,659 DEBUG [pool-3-thread-3] (Wire.java:72) - http-outgoing-0 << "            <segment_info/>[\n]"
2013-11-22 16:01:04,659 DEBUG [pool-3-thread-3] (Wire.java:72) - http-outgoing-0 << "            <word_info>[\n]"
2013-11-22 16:01:04,659 DEBUG [pool-3-thread-3] (Wire.java:72) - http-outgoing-0 << "                <word id="0" word="[0xd8][0xa7][0xd9][0x84][0xd8][0xb3][0xd9][0x84][0xd8][0xb7][0xd8][0xa9]">[\n]"
2013-11-22 16:01:04,659 DEBUG [pool-3-thread-3] (Wire.java:72) - http-outgoing-0 << "                    <analysis rank="0" score="0.9547473631510263">[\n]"
2013-11-22 16:01:04,659 DEBUG [pool-3-thread-3] (Wire.java:72) - http-outgoing-0 << "                        <morph_feature_set lemma="[0xd8][0xb3][0xd9][0x8f][0xd9][0x84][0xd9][0x92][0xd8][0xb7][0xd9][0x8e][0xd8][0xa9]_1" bw="Al/DET+suloT/NOUN+ap/NSUFF_FEM_SG+u/CASE_DEF_NOM" pos="noun" prc3="0" prc2="0" prc1="0" prc0="Al_det" per="na" asp="na" vox="na" mod="na" gen="f" num="s" stt="d" cas="n" enc0="0"/>[\n]"
2013-11-22 16:01:04,659 DEBUG [pool-3-thread-3] (Wire.java:72) - http-outgoing-0 << "                    </analysis>[\n]"
2013-11-22 16:01:04,659 DEBUG [pool-3-thread-3] (Wire.java:72) - http-outgoing-0 << "                </word>[\n]"
2013-11-22 16:01:04,659 DEBUG [pool-3-thread-3] (Wire.java:72) - http-outgoing-0 << "                <word id="1" word="[0xd8][0xa7][0xd9][0x84][0xd9][0x81][0xd9][0x84][0xd8][0xb3][0xd8][0xb7][0xd9][0x8a][0xd9][0x86][0xd9][0x8a][0xd8][0xa9]">[\n]"
2013-11-22 16:01:04,659 DEBUG [pool-3-thread-3] (Wire.java:72) - http-outgoing-0 << "                    <analysis rank="0" score="0.9547456572370278">[\n]"
2013-11-22 16:01:04,659 DEBUG [pool-3-thread-3] (Wire.java:72) - http-outgoing-0 << "                        <morph_feature_set lemma="[0xd9][0x81][0xd9][0x90][0xd9][0x84][0xd9][0x8e][0xd8][0xb3][0xd9][0x92][0xd8][0xb7][0xd9][0x90][0xd9][0x8a][0xd9][0x86][0xd9][0x90][0xd9][0x8a][0xd9][0x91]_1" bw="Al/DET+filasoTiyniy~/ADJ+ap/NSUFF_FEM_SG+u/CASE_DEF_NOM" pos="adj" prc3="0" prc2="0" prc1="0" prc0="Al_det" per="na" asp="na" vox="na" mod="na" gen="f" num="s" stt="d" cas="n" enc0="0"/>[\n]"
2013-11-22 16:01:04,659 DEBUG [pool-3-thread-3] (Wire.java:72) - http-outgoing-0 << "                    </analysis>[\n]"
2013-11-22 16:01:04,659 DEBUG [pool-3-thread-3] (Wire.java:72) - http-outgoing-0 << "                </word>[\n]"
2013-11-22 16:01:04,659 DEBUG [pool-3-thread-3] (Wire.java:72) - http-outgoing-0 << "                <word id="2" word="[0xd8][0xaa][0xd8][0xb3][0xd8][0xaa][0xd9][0x86][0xd9][0x83][0xd8][0xb1]">[\n]"
2013-11-22 16:01:04,659 DEBUG [pool-3-thread-3] (Wire.java:72) - http-outgoing-0 << "                    <analysis rank="0" score="0.9141148999514064">[\n]"
2013-11-22 16:01:04,659 DEBUG [pool-3-thread-3] (Wire.java:72) - http-outgoing-0 << "                        <morph_feature_set lemma="[0xd9][0xb1][0xd9][0x90][0xd8][0xb3][0xd9][0x92][0xd8][0xaa][0xd9][0x8e][0xd9][0x86][0xd9][0x92][0xd9][0x83][0xd9][0x8e][0xd8][0xb1]_1" bw="ta/IV3FS+sotanokir/IV+u/IVSUFF_MOOD:I" pos="verb" prc3="0" prc2="0" prc1="0" prc0="0" per="3" asp="i" vox="a" mod="i" gen="f" num="s" stt="na" cas="na" enc0="0"/>[\n]"
2013-11-22 16:01:04,659 DEBUG [pool-3-thread-3] (Wire.java:72) - http-outgoing-0 << "                    </analysis>[\n]"
2013-11-22 16:01:04,659 DEBUG [pool-3-thread-3] (Wire.java:72) - http-outgoing-0 << "                </word>[\n]"
2013-11-22 16:01:04,659 DEBUG [pool-3-thread-3] (Wire.java:72) - http-outgoing-0 << "                <word id="3" word="[0xd8][0xa7][0xd8][0xb3][0xd8][0xaa][0xd9][0x85][0xd8][0xb1][0xd8][0xa7][0xd8][0xb1]">[\n]"
2013-11-22 16:01:04,659 DEBUG [pool-3-thread-3] (Wire.java:72) - http-outgoing-0 << "                    <analysis rank="0" score="0.9557471879041308">[\n]"
2013-11-22 16:01:04,659 DEBUG [pool-3-thread-3] (Wire.java:72) - http-outgoing-0 << "                        <morph_feature_set lemma="[0xd9][0xb1][0xd9][0x90][0xd8][0xb3][0xd9][0x92][0xd8][0xaa][0xd9][0x90][0xd9][0x85][0xd9][0x92][0xd8][0xb1][0xd8][0xa7][0xd8][0xb1]_1" bw="{isotimorAr/NOUN+a/CASE_DEF_ACC" pos="noun" prc3="0" prc2="0" prc1="0" prc0="0" per="na" asp="na" vox="na" mod="na" gen="m" num="s" stt="c" cas="a" enc0="0"/>[\n]"
2013-11-22 16:01:04,659 DEBUG [pool-3-thread-3] (Wire.java:72) - http-outgoing-0 << "                    </analysis>[\n]"
2013-11-22 16:01:04,659 DEBUG [pool-3-thread-3] (Wire.java:72) - http-outgoing-0 << "                </word>[\n]"
2013-11-22 16:01:04,659 DEBUG [pool-3-thread-3] (Wire.java:72) - http-outgoing-0 << "                <word id="4" word="[0xd8][0xb3][0xd9][0x8a][0xd8][0xa7][0xd8][0xb3][0xd8][0xa9]">[\n]"
2013-11-22 16:01:04,659 DEBUG [pool-3-thread-3] (Wire.java:72) - http-outgoing-0 << "                    <analysis rank="0" score="0.9602866224233163">[\n]"
2013-11-22 16:01:04,659 DEBUG [pool-3-thread-3] (Wire.java:72) - http-outgoing-0 << "                        <morph_feature_set lemma="[0xd8][0xb3][0xd9][0x90][0xd9][0x8a][0xd8][0xa7][0xd8][0xb3][0xd9][0x8e][0xd8][0xa9]_1" bw="siyAs/NOUN+ap/NSUFF_FEM_SG+i/CASE_DEF_GEN" pos="noun" prc3="0" prc2="0" prc1="0" prc0="0" per="na" asp="na" vox="na" mod="na" gen="f" num="s" stt="c" cas="g" enc0="0"/>[\n]"
2013-11-22 16:01:04,659 DEBUG [pool-3-thread-3] (Wire.java:72) - http-outgoing-0 << "                    </analysis>[\n]"
2013-11-22 16:01:04,659 DEBUG [pool-3-thread-3] (Wire.java:72) - http-outgoing-0 << "                </word>[\n]"
2013-11-22 16:01:04,659 DEBUG [pool-3-thread-3] (Wire.java:72) - http-outgoing-0 << "                <word id="5" word="[0xd8][0xa7][0xd9][0x84][0xd8][0xa7][0xd8][0xba][0xd8][0xaa][0xd9][0x8a][0xd8][0xa7][0xd9][0x84][0xd8][0xa7][0xd8][0xaa]">[\n]"
2013-11-22 16:01:04,659 DEBUG [pool-3-thread-3] (Wire.java:72) - http-outgoing-0 << "                    <analysis rank="0" score="0.9601018541668881">[\n]"
2013-11-22 16:01:04,659 DEBUG [pool-3-thread-3] (Wire.java:72) - http-outgoing-0 << "                        <morph_feature_set lemma="[0xd9][0xb1][0xd9][0x90][0xd8][0xba][0xd9][0x92][0xd8][0xaa][0xd9][0x90][0xd9][0x8a][0xd8][0xa7][0xd9][0x84]_1" bw="Al/DET+{igotiyAl/NOUN+At/NSUFF_FEM_PL+i/CASE_DEF_GEN" pos="noun" prc3="0" prc2="0" prc1="0" prc0="Al_det" per="na" asp="na" vox="na" mod="na" gen="f" num="p" stt="d" cas="g" enc0="0"/>[\n]"
2013-11-22 16:01:04,659 DEBUG [pool-3-thread-3] (Wire.java:72) - http-outgoing-0 << "                    </analysis>[\n]"
2013-11-22 16:01:04,659 DEBUG [pool-3-thread-3] (Wire.java:72) - http-outgoing-0 << "                </word>[\n]"
2013-11-22 16:01:04,659 DEBUG [pool-3-thread-3] (Wire.java:72) - http-outgoing-0 << "                <word id="6" word="[0xd8][0xa7][0xd9][0x84][0xd8][0xa7][0xd8][0xb3][0xd8][0xb1][0xd8][0xa7][0xd8][0xa6][0xd9][0x8a]">[\n]"
2013-11-22 16:01:04,659 DEBUG [pool-3-thread-3] (Wire.java:72) - http-outgoing-0 << "                    <analysis rank="0" score="0.9597742652846901">[\n]"
2013-11-22 16:01:04,675 DEBUG [pool-3-thread-3] (Wire.java:72) - http-outgoing-0 << "                        <morph_feature_set lemma="[0xd8][0xa5][0xd9][0x90][0xd8][0xb3][0xd9][0x92][0xd8][0xb1][0xd8][0xa7][0xd8][0xa1]_1" bw="Al/DET+&lt;isorA}/NOUN_PROP+ayo/NSUFF_MASC_DU_GEN_POSS" pos="noun_prop" prc3="0" prc2="0" prc1="0" prc0="Al_det" per="na" asp="na" vox="na" mod="na" gen="m" num="d" stt="d" cas="g" enc0="0"/>[\n]"
2013-11-22 16:01:04,675 DEBUG [pool-3-thread-3] (Wire.java:72) - http-outgoing-0 << "                    </analysis>[\n]"
2013-11-22 16:01:04,675 DEBUG [pool-3-thread-3] (Wire.java:72) - http-outgoing-0 << "                </word>[\n]"
2013-11-22 16:01:04,675 DEBUG [pool-3-thread-3] (Wire.java:72) - http-outgoing-0 << "            </word_info>[\n]"
2013-11-22 16:01:04,675 DEBUG [pool-3-thread-3] (Wire.java:72) - http-outgoing-0 << "        </out_seg>[\n]"
2013-11-22 16:01:04,675 DEBUG [pool-3-thread-3] (Wire.java:72) - http-outgoing-0 << "    </out_doc>[\n]"
2013-11-22 16:01:04,675 DEBUG [pool-3-thread-3] (Wire.java:72) - http-outgoing-0 << "</madamira_output>[\n]"
2013-11-22 16:01:04,675 DEBUG [pool-3-thread-3] (Wire.java:72) - http-outgoing-0 << "[\r][\n]"
2013-11-22 16:01:04,675 DEBUG [pool-3-thread-3] (Wire.java:72) - http-outgoing-0 << "0[\r][\n]"
2013-11-22 16:01:04,675 DEBUG [pool-3-thread-3] (Wire.java:72) - http-outgoing-0 << "[\r][\n]"
2013-11-22 16:01:04,675 DEBUG [pool-3-thread-3] (PoolingHttpClientConnectionManager.java:276) - Connection [id: 0][route: {}->http://localhost:8223] can be kept alive indefinitely
2013-11-22 16:01:04,675 DEBUG [pool-3-thread-3] (PoolingHttpClientConnectionManager.java:282) - Connection released: [id: 0][route: {}->http://localhost:8223][total kept alive: 1; route allocated: 1 of 2; total allocated: 1 of 20]
2013-11-22 16:01:04,691 DEBUG [pool-3-thread-3] (PoolingHttpClientConnectionManager.java:345) - Connection manager is shutting down
2013-11-22 16:01:04,691 DEBUG [pool-3-thread-3] (LoggingManagedHttpClientConnection.java:79) - http-outgoing-0: Close connection
2013-11-22 16:01:04,691 DEBUG [pool-3-thread-3] (LoggingManagedHttpClientConnection.java:79) - http-outgoing-0: Close connection
2013-11-22 16:01:04,691 DEBUG [pool-3-thread-3] (PoolingHttpClientConnectionManager.java:351) - Connection manager shut down
